  Actor.cpp
  CameraComponent.cpp
  CollisionComponent.cpp
  Component.cpp
  Enemy.cpp
  EnemyMove.cpp
  Game.cpp
  HeightMap.cpp
  Main.cpp
  Math.cpp
  Mesh.cpp
  MeshComponent.cpp
  MoveComponent.cpp
  Player.cpp
  PlayerMove.cpp
  PlayerUI.cpp
  Random.cpp
  Renderer.cpp
  Shader.cpp
  Texture.cpp
  Generating Code...
  Compiling...
  UIComponent.cpp
  VehicleMove.cpp
  VertexArray.cpp
  Generating Code...
SOIL.lib(image_DXT.obj) : warning LNK4099: PDB 'vc120.pdb' was not found with 'SOIL.lib(image_DXT.obj)' or at 'C:\Users\pickl\OneDrive\Desktop\Docs\ITP380\labs-ccreight\Lab08\Debug\vc120.pdb'; linking object as if no debug info
SOIL.lib(image_helper.obj) : warning LNK4099: PDB 'vc120.pdb' was not found with 'SOIL.lib(image_helper.obj)' or at 'C:\Users\pickl\OneDrive\Desktop\Docs\ITP380\labs-ccreight\Lab08\Debug\vc120.pdb'; linking object as if no debug info
SOIL.lib(SOIL.obj) : warning LNK4099: PDB 'vc120.pdb' was not found with 'SOIL.lib(SOIL.obj)' or at 'C:\Users\pickl\OneDrive\Desktop\Docs\ITP380\labs-ccreight\Lab08\Debug\vc120.pdb'; linking object as if no debug info
SOIL.lib(stb_image_aug.obj) : warning LNK4099: PDB 'vc120.pdb' was not found with 'SOIL.lib(stb_image_aug.obj)' or at 'C:\Users\pickl\OneDrive\Desktop\Docs\ITP380\labs-ccreight\Lab08\Debug\vc120.pdb'; linking object as if no debug info
  Game.vcxproj -> C:\Users\pickl\OneDrive\Desktop\Docs\ITP380\labs-ccreight\Lab08\Debug\Game.exe
  C:\Users\pickl\OneDrive\Desktop\Docs\ITP380\labs-ccreight\Lab08\\..\Libraries\SDL\lib\win\x86\libfreetype-6.dll
  C:\Users\pickl\OneDrive\Desktop\Docs\ITP380\labs-ccreight\Lab08\\..\Libraries\SDL\lib\win\x86\libogg-0.dll
  C:\Users\pickl\OneDrive\Desktop\Docs\ITP380\labs-ccreight\Lab08\\..\Libraries\SDL\lib\win\x86\libpng16-16.dll
  C:\Users\pickl\OneDrive\Desktop\Docs\ITP380\labs-ccreight\Lab08\\..\Libraries\SDL\lib\win\x86\libvorbis-0.dll
  C:\Users\pickl\OneDrive\Desktop\Docs\ITP380\labs-ccreight\Lab08\\..\Libraries\SDL\lib\win\x86\libvorbisfile-3.dll
  C:\Users\pickl\OneDrive\Desktop\Docs\ITP380\labs-ccreight\Lab08\\..\Libraries\SDL\lib\win\x86\SDL2.dll
  C:\Users\pickl\OneDrive\Desktop\Docs\ITP380\labs-ccreight\Lab08\\..\Libraries\SDL\lib\win\x86\SDL2_image.dll
  C:\Users\pickl\OneDrive\Desktop\Docs\ITP380\labs-ccreight\Lab08\\..\Libraries\SDL\lib\win\x86\SDL2_mixer.dll
  C:\Users\pickl\OneDrive\Desktop\Docs\ITP380\labs-ccreight\Lab08\\..\Libraries\SDL\lib\win\x86\SDL2_ttf.dll
  C:\Users\pickl\OneDrive\Desktop\Docs\ITP380\labs-ccreight\Lab08\\..\Libraries\SDL\lib\win\x86\zlib1.dll
  10 File(s) copied
  C:\Users\pickl\OneDrive\Desktop\Docs\ITP380\labs-ccreight\Lab08\\..\Libraries\GLEW\lib\win\x86\glew32.dll
  1 File(s) copied
